The system is: Linux - 3.2.0-4-amd64 - x86_64
Compiling the C compiler identification source file "CMakeCCompilerId.c" succeeded.
Compiler: /storage/fbusato/bin/gcc-4.9.2/build/bin/gcc 
Build flags: 
Id flags: 

The output was:
0


Compilation of the C compiler identification source "CMakeCCompilerId.c" produced "a.out"

The C compiler identification is GNU, found in "/storage/fbusato/lib/XLib/build/CMakeFiles/3.2.2/CompilerIdC/a.out"

Compiling the CXX compiler identification source file "CMakeCXXCompilerId.cpp" succeeded.
Compiler: /storage/fbusato/bin/gcc-4.9.2/build/bin/g++ 
Build flags: 
Id flags: 

The output was:
0


Compilation of the CXX compiler identification source "CMakeCXXCompilerId.cpp" produced "a.out"

The CXX compiler identification is GNU, found in "/storage/fbusato/lib/XLib/build/CMakeFiles/3.2.2/CompilerIdCXX/a.out"

Determining if the C compiler works passed with the following output:
Change Dir: /storage/fbusato/lib/XLib/build/CMakeFiles/CMakeTmp

Run Build Command:"/usr/bin/make" "cmTryCompileExec914428573/fast"
/usr/bin/make -f CMakeFiles/cmTryCompileExec914428573.dir/build.make CMakeFiles/cmTryCompileExec914428573.dir/build
make[1]: Entering directory `/storage/fbusato/lib/XLib/build/CMakeFiles/CMakeTmp'
/usr/bin/cmake -E cmake_progress_report /storage/fbusato/lib/XLib/build/CMakeFiles/CMakeTmp/CMakeFiles 1
Building C object CMakeFiles/cmTryCompileExec914428573.dir/testCCompiler.c.o
/storage/fbusato/bin/gcc-4.9.2/build/bin/gcc    -o CMakeFiles/cmTryCompileExec914428573.dir/testCCompiler.c.o   -c /storage/fbusato/lib/XLib/build/CMakeFiles/CMakeTmp/testCCompiler.c
Linking C executable cmTryCompileExec914428573
/usr/bin/cmake -E cmake_link_script CMakeFiles/cmTryCompileExec914428573.dir/link.txt --verbose=1
/storage/fbusato/bin/gcc-4.9.2/build/bin/gcc       CMakeFiles/cmTryCompileExec914428573.dir/testCCompiler.c.o  -o cmTryCompileExec914428573 -rdynamic 
make[1]: Leaving directory `/storage/fbusato/lib/XLib/build/CMakeFiles/CMakeTmp'


Detecting C compiler ABI 
compiled with the following output:
Change Dir: /storage/fbusato/lib/XLib/build/CMakeFiles/CMakeTmp

Run Build Command:"/usr/bin/make" "cmTryCompileExec1736828902/fast"
/usr/bin/make -f CMakeFiles/cmTryCompileExec1736828902.dir/build.make CMakeFiles/cmTryCompileExec1736828902.dir/build
make[1]: Entering directory `/storage/fbusato/lib/XLib/build/CMakeFiles/CMakeTmp'
/usr/bin/cmake -E cmake_progress_report /storage/fbusato/lib/XLib/build/CMakeFiles/CMakeTmp/CMakeFiles 1
Building C object CMakeFiles/cmTryCompileExec1736828902.dir/CMakeCCompilerABI.c.o
/storage/fbusato/bin/gcc-4.9.2/build/bin/gcc    -o CMakeFiles/cmTryCompileExec1736828902.dir/CMakeCCompilerABI.c.o   -c /usr/share/cmake-3.2/Modules/CMakeCCompilerABI.c
Linking C executable cmTryCompileExec1736828902
/usr/bin/cmake -E cmake_link_script CMakeFiles/cmTryCompileExec1736828902.dir/link.txt --verbose=1
/storage/fbusato/bin/gcc-4.9.2/build/bin/gcc      -v CMakeFiles/cmTryCompileExec1736828902.dir/CMakeCCompilerABI.c.o  -o cmTryCompileExec1736828902 -rdynamic  
Using built-in specs.
COLLECT_GCC=/storage/fbusato/bin/gcc-4.9.2/build/bin/gcc
COLLECT_LTO_WRAPPER=/storage/fbusato/bin/gcc-4.9.2/build/bin/../libexec/gcc/x86_64-unknown-linux-gnu/4.9.2/lto-wrapper
Target: x86_64-unknown-linux-gnu
Configured with: ./configure --prefix=/storage/fbusato/gcc-4.9.2/build --enable-languages=c,c++ --disable-multilib
Thread model: posix
gcc version 4.9.2 (GCC) 
COMPILER_PATH=/storage/fbusato/bin/gcc-4.9.2/build/bin/../libexec/gcc/x86_64-unknown-linux-gnu/4.9.2/:/storage/fbusato/bin/gcc-4.9.2/build/bin/../libexec/gcc/
LIBRARY_PATH=/storage/fbusato/bin/gcc-4.9.2/build/bin/../lib/gcc/x86_64-unknown-linux-gnu/4.9.2/:/storage/fbusato/bin/gcc-4.9.2/build/bin/../lib/gcc/:/storage/fbusato/bin/gcc-4.9.2/build/bin/../lib/gcc/x86_64-unknown-linux-gnu/4.9.2/../../../../lib64/:/lib/x86_64-linux-gnu/:/lib/../lib64/:/usr/lib/x86_64-linux-gnu/:/usr/lib/../lib64/:/storage/fbusato/bin/gcc-4.9.2/build/bin/../lib/gcc/x86_64-unknown-linux-gnu/4.9.2/../../../:/lib/:/usr/lib/
COLLECT_GCC_OPTIONS='-v' '-o' 'cmTryCompileExec1736828902' '-rdynamic' '-mtune=generic' '-march=x86-64'
 /storage/fbusato/bin/gcc-4.9.2/build/bin/../libexec/gcc/x86_64-unknown-linux-gnu/4.9.2/collect2 --eh-frame-hdr -m elf_x86_64 -export-dynamic -dynamic-linker /lib64/ld-linux-x86-64.so.2 -o cmTryCompileExec1736828902 /usr/lib/x86_64-linux-gnu/crt1.o /usr/lib/x86_64-linux-gnu/crti.o /storage/fbusato/bin/gcc-4.9.2/build/bin/../lib/gcc/x86_64-unknown-linux-gnu/4.9.2/crtbegin.o -L/storage/fbusato/bin/gcc-4.9.2/build/bin/../lib/gcc/x86_64-unknown-linux-gnu/4.9.2 -L/storage/fbusato/bin/gcc-4.9.2/build/bin/../lib/gcc -L/storage/fbusato/bin/gcc-4.9.2/build/bin/../lib/gcc/x86_64-unknown-linux-gnu/4.9.2/../../../../lib64 -L/lib/x86_64-linux-gnu -L/lib/../lib64 -L/usr/lib/x86_64-linux-gnu -L/usr/lib/../lib64 -L/storage/fbusato/bin/gcc-4.9.2/build/bin/../lib/gcc/x86_64-unknown-linux-gnu/4.9.2/../../.. CMakeFiles/cmTryCompileExec1736828902.dir/CMakeCCompilerABI.c.o -lgcc --as-needed -lgcc_s --no-as-needed -lc -lgcc --as-needed -lgcc_s --no-as-needed /storage/fbusato/bin/gcc-4.9.2/build/bin/../lib/gcc/x86_64-unknown-linux-gnu/4.9.2/crtend.o /usr/lib/x86_64-linux-gnu/crtn.o
make[1]: Leaving directory `/storage/fbusato/lib/XLib/build/CMakeFiles/CMakeTmp'


Parsed C implicit link information from above output:
  link line regex: [^( *|.*[/\])(ld|([^/\]+-)?ld|collect2)[^/\]*( |$)]
  ignore line: [Change Dir: /storage/fbusato/lib/XLib/build/CMakeFiles/CMakeTmp]
  ignore line: []
  ignore line: [Run Build Command:"/usr/bin/make" "cmTryCompileExec1736828902/fast"]
  ignore line: [/usr/bin/make -f CMakeFiles/cmTryCompileExec1736828902.dir/build.make CMakeFiles/cmTryCompileExec1736828902.dir/build]
  ignore line: [make[1]: Entering directory `/storage/fbusato/lib/XLib/build/CMakeFiles/CMakeTmp']
  ignore line: [/usr/bin/cmake -E cmake_progress_report /storage/fbusato/lib/XLib/build/CMakeFiles/CMakeTmp/CMakeFiles 1]
  ignore line: [Building C object CMakeFiles/cmTryCompileExec1736828902.dir/CMakeCCompilerABI.c.o]
  ignore line: [/storage/fbusato/bin/gcc-4.9.2/build/bin/gcc    -o CMakeFiles/cmTryCompileExec1736828902.dir/CMakeCCompilerABI.c.o   -c /usr/share/cmake-3.2/Modules/CMakeCCompilerABI.c]
  ignore line: [Linking C executable cmTryCompileExec1736828902]
  ignore line: [/usr/bin/cmake -E cmake_link_script CMakeFiles/cmTryCompileExec1736828902.dir/link.txt --verbose=1]
  ignore line: [/storage/fbusato/bin/gcc-4.9.2/build/bin/gcc      -v CMakeFiles/cmTryCompileExec1736828902.dir/CMakeCCompilerABI.c.o  -o cmTryCompileExec1736828902 -rdynamic  ]
  ignore line: [Using built-in specs.]
  ignore line: [COLLECT_GCC=/storage/fbusato/bin/gcc-4.9.2/build/bin/gcc]
  ignore line: [COLLECT_LTO_WRAPPER=/storage/fbusato/bin/gcc-4.9.2/build/bin/../libexec/gcc/x86_64-unknown-linux-gnu/4.9.2/lto-wrapper]
  ignore line: [Target: x86_64-unknown-linux-gnu]
  ignore line: [Configured with: ./configure --prefix=/storage/fbusato/gcc-4.9.2/build --enable-languages=c,c++ --disable-multilib]
  ignore line: [Thread model: posix]
  ignore line: [gcc version 4.9.2 (GCC) ]
  ignore line: [COMPILER_PATH=/storage/fbusato/bin/gcc-4.9.2/build/bin/../libexec/gcc/x86_64-unknown-linux-gnu/4.9.2/:/storage/fbusato/bin/gcc-4.9.2/build/bin/../libexec/gcc/]
  ignore line: [LIBRARY_PATH=/storage/fbusato/bin/gcc-4.9.2/build/bin/../lib/gcc/x86_64-unknown-linux-gnu/4.9.2/:/storage/fbusato/bin/gcc-4.9.2/build/bin/../lib/gcc/:/storage/fbusato/bin/gcc-4.9.2/build/bin/../lib/gcc/x86_64-unknown-linux-gnu/4.9.2/../../../../lib64/:/lib/x86_64-linux-gnu/:/lib/../lib64/:/usr/lib/x86_64-linux-gnu/:/usr/lib/../lib64/:/storage/fbusato/bin/gcc-4.9.2/build/bin/../lib/gcc/x86_64-unknown-linux-gnu/4.9.2/../../../:/lib/:/usr/lib/]
  ignore line: [COLLECT_GCC_OPTIONS='-v' '-o' 'cmTryCompileExec1736828902' '-rdynamic' '-mtune=generic' '-march=x86-64']
  link line: [ /storage/fbusato/bin/gcc-4.9.2/build/bin/../libexec/gcc/x86_64-unknown-linux-gnu/4.9.2/collect2 --eh-frame-hdr -m elf_x86_64 -export-dynamic -dynamic-linker /lib64/ld-linux-x86-64.so.2 -o cmTryCompileExec1736828902 /usr/lib/x86_64-linux-gnu/crt1.o /usr/lib/x86_64-linux-gnu/crti.o /storage/fbusato/bin/gcc-4.9.2/build/bin/../lib/gcc/x86_64-unknown-linux-gnu/4.9.2/crtbegin.o -L/storage/fbusato/bin/gcc-4.9.2/build/bin/../lib/gcc/x86_64-unknown-linux-gnu/4.9.2 -L/storage/fbusato/bin/gcc-4.9.2/build/bin/../lib/gcc -L/storage/fbusato/bin/gcc-4.9.2/build/bin/../lib/gcc/x86_64-unknown-linux-gnu/4.9.2/../../../../lib64 -L/lib/x86_64-linux-gnu -L/lib/../lib64 -L/usr/lib/x86_64-linux-gnu -L/usr/lib/../lib64 -L/storage/fbusato/bin/gcc-4.9.2/build/bin/../lib/gcc/x86_64-unknown-linux-gnu/4.9.2/../../.. CMakeFiles/cmTryCompileExec1736828902.dir/CMakeCCompilerABI.c.o -lgcc --as-needed -lgcc_s --no-as-needed -lc -lgcc --as-needed -lgcc_s --no-as-needed /storage/fbusato/bin/gcc-4.9.2/build/bin/../lib/gcc/x86_64-unknown-linux-gnu/4.9.2/crtend.o /usr/lib/x86_64-linux-gnu/crtn.o]
    arg [/storage/fbusato/bin/gcc-4.9.2/build/bin/../libexec/gcc/x86_64-unknown-linux-gnu/4.9.2/collect2] ==> ignore
    arg [--eh-frame-hdr] ==> ignore
    arg [-m] ==> ignore
    arg [elf_x86_64] ==> ignore
    arg [-export-dynamic] ==> ignore
    arg [-dynamic-linker] ==> ignore
    arg [/lib64/ld-linux-x86-64.so.2] ==> ignore
    arg [-o] ==> ignore
    arg [cmTryCompileExec1736828902] ==> ignore
    arg [/usr/lib/x86_64-linux-gnu/crt1.o] ==> ignore
    arg [/usr/lib/x86_64-linux-gnu/crti.o] ==> ignore
    arg [/storage/fbusato/bin/gcc-4.9.2/build/bin/../lib/gcc/x86_64-unknown-linux-gnu/4.9.2/crtbegin.o] ==> ignore
    arg [-L/storage/fbusato/bin/gcc-4.9.2/build/bin/../lib/gcc/x86_64-unknown-linux-gnu/4.9.2] ==> dir [/storage/fbusato/bin/gcc-4.9.2/build/bin/../lib/gcc/x86_64-unknown-linux-gnu/4.9.2]
    arg [-L/storage/fbusato/bin/gcc-4.9.2/build/bin/../lib/gcc] ==> dir [/storage/fbusato/bin/gcc-4.9.2/build/bin/../lib/gcc]
    arg [-L/storage/fbusato/bin/gcc-4.9.2/build/bin/../lib/gcc/x86_64-unknown-linux-gnu/4.9.2/../../../../lib64] ==> dir [/storage/fbusato/bin/gcc-4.9.2/build/bin/../lib/gcc/x86_64-unknown-linux-gnu/4.9.2/../../../../lib64]
    arg [-L/lib/x86_64-linux-gnu] ==> dir [/lib/x86_64-linux-gnu]
    arg [-L/lib/../lib64] ==> dir [/lib/../lib64]
    arg [-L/usr/lib/x86_64-linux-gnu] ==> dir [/usr/lib/x86_64-linux-gnu]
    arg [-L/usr/lib/../lib64] ==> dir [/usr/lib/../lib64]
    arg [-L/storage/fbusato/bin/gcc-4.9.2/build/bin/../lib/gcc/x86_64-unknown-linux-gnu/4.9.2/../../..] ==> dir [/storage/fbusato/bin/gcc-4.9.2/build/bin/../lib/gcc/x86_64-unknown-linux-gnu/4.9.2/../../..]
    arg [CMakeFiles/cmTryCompileExec1736828902.dir/CMakeCCompilerABI.c.o] ==> ignore
    arg [-lgcc] ==> lib [gcc]
    arg [--as-needed] ==> ignore
    arg [-lgcc_s] ==> lib [gcc_s]
    arg [--no-as-needed] ==> ignore
    arg [-lc] ==> lib [c]
    arg [-lgcc] ==> lib [gcc]
    arg [--as-needed] ==> ignore
    arg [-lgcc_s] ==> lib [gcc_s]
    arg [--no-as-needed] ==> ignore
    arg [/storage/fbusato/bin/gcc-4.9.2/build/bin/../lib/gcc/x86_64-unknown-linux-gnu/4.9.2/crtend.o] ==> ignore
    arg [/usr/lib/x86_64-linux-gnu/crtn.o] ==> ignore
  remove lib [gcc]
  remove lib [gcc_s]
  remove lib [gcc]
  remove lib [gcc_s]
  collapse library dir [/storage/fbusato/bin/gcc-4.9.2/build/bin/../lib/gcc/x86_64-unknown-linux-gnu/4.9.2] ==> [/storage/fbusato/bin/gcc-4.9.2/build/lib/gcc/x86_64-unknown-linux-gnu/4.9.2]
  collapse library dir [/storage/fbusato/bin/gcc-4.9.2/build/bin/../lib/gcc] ==> [/storage/fbusato/bin/gcc-4.9.2/build/lib/gcc]
  collapse library dir [/storage/fbusato/bin/gcc-4.9.2/build/bin/../lib/gcc/x86_64-unknown-linux-gnu/4.9.2/../../../../lib64] ==> [/storage/fbusato/bin/gcc-4.9.2/build/lib64]
  collapse library dir [/lib/x86_64-linux-gnu] ==> [/lib/x86_64-linux-gnu]
  collapse library dir [/lib/../lib64] ==> [/lib64]
  collapse library dir [/usr/lib/x86_64-linux-gnu] ==> [/usr/lib/x86_64-linux-gnu]
  collapse library dir [/usr/lib/../lib64] ==> [/usr/lib64]
  collapse library dir [/storage/fbusato/bin/gcc-4.9.2/build/bin/../lib/gcc/x86_64-unknown-linux-gnu/4.9.2/../../..] ==> [/storage/fbusato/bin/gcc-4.9.2/build/lib]
  implicit libs: [c]
  implicit dirs: [/storage/fbusato/bin/gcc-4.9.2/build/lib/gcc/x86_64-unknown-linux-gnu/4.9.2;/storage/fbusato/bin/gcc-4.9.2/build/lib/gcc;/storage/fbusato/bin/gcc-4.9.2/build/lib64;/lib/x86_64-linux-gnu;/lib64;/usr/lib/x86_64-linux-gnu;/usr/lib64;/storage/fbusato/bin/gcc-4.9.2/build/lib]
  implicit fwks: []




Detecting C [-std=c11] compiler features compiled with the following output:
Change Dir: /storage/fbusato/lib/XLib/build/CMakeFiles/CMakeTmp

Run Build Command:"/usr/bin/make" "cmTryCompileExec1480220886/fast"
/usr/bin/make -f CMakeFiles/cmTryCompileExec1480220886.dir/build.make CMakeFiles/cmTryCompileExec1480220886.dir/build
make[1]: Entering directory `/storage/fbusato/lib/XLib/build/CMakeFiles/CMakeTmp'
/usr/bin/cmake -E cmake_progress_report /storage/fbusato/lib/XLib/build/CMakeFiles/CMakeTmp/CMakeFiles 1
Building C object CMakeFiles/cmTryCompileExec1480220886.dir/feature_tests.c.o
/storage/fbusato/bin/gcc-4.9.2/build/bin/gcc   -std=c11 -o CMakeFiles/cmTryCompileExec1480220886.dir/feature_tests.c.o   -c /storage/fbusato/lib/XLib/build/CMakeFiles/feature_tests.c
Linking C executable cmTryCompileExec1480220886
/usr/bin/cmake -E cmake_link_script CMakeFiles/cmTryCompileExec1480220886.dir/link.txt --verbose=1
/storage/fbusato/bin/gcc-4.9.2/build/bin/gcc       CMakeFiles/cmTryCompileExec1480220886.dir/feature_tests.c.o  -o cmTryCompileExec1480220886 -rdynamic 
make[1]: Leaving directory `/storage/fbusato/lib/XLib/build/CMakeFiles/CMakeTmp'


    Feature record: C_FEATURE:1c_function_prototypes
    Feature record: C_FEATURE:1c_restrict
    Feature record: C_FEATURE:1c_static_assert
    Feature record: C_FEATURE:1c_variadic_macros


Detecting C [-std=c99] compiler features compiled with the following output:
Change Dir: /storage/fbusato/lib/XLib/build/CMakeFiles/CMakeTmp

Run Build Command:"/usr/bin/make" "cmTryCompileExec2276035178/fast"
/usr/bin/make -f CMakeFiles/cmTryCompileExec2276035178.dir/build.make CMakeFiles/cmTryCompileExec2276035178.dir/build
make[1]: Entering directory `/storage/fbusato/lib/XLib/build/CMakeFiles/CMakeTmp'
/usr/bin/cmake -E cmake_progress_report /storage/fbusato/lib/XLib/build/CMakeFiles/CMakeTmp/CMakeFiles 1
Building C object CMakeFiles/cmTryCompileExec2276035178.dir/feature_tests.c.o
/storage/fbusato/bin/gcc-4.9.2/build/bin/gcc   -std=c99 -o CMakeFiles/cmTryCompileExec2276035178.dir/feature_tests.c.o   -c /storage/fbusato/lib/XLib/build/CMakeFiles/feature_tests.c
Linking C executable cmTryCompileExec2276035178
/usr/bin/cmake -E cmake_link_script CMakeFiles/cmTryCompileExec2276035178.dir/link.txt --verbose=1
/storage/fbusato/bin/gcc-4.9.2/build/bin/gcc       CMakeFiles/cmTryCompileExec2276035178.dir/feature_tests.c.o  -o cmTryCompileExec2276035178 -rdynamic 
make[1]: Leaving directory `/storage/fbusato/lib/XLib/build/CMakeFiles/CMakeTmp'


    Feature record: C_FEATURE:1c_function_prototypes
    Feature record: C_FEATURE:1c_restrict
    Feature record: C_FEATURE:0c_static_assert
    Feature record: C_FEATURE:1c_variadic_macros


Detecting C [-std=c90] compiler features compiled with the following output:
Change Dir: /storage/fbusato/lib/XLib/build/CMakeFiles/CMakeTmp

Run Build Command:"/usr/bin/make" "cmTryCompileExec3643039126/fast"
/usr/bin/make -f CMakeFiles/cmTryCompileExec3643039126.dir/build.make CMakeFiles/cmTryCompileExec3643039126.dir/build
make[1]: Entering directory `/storage/fbusato/lib/XLib/build/CMakeFiles/CMakeTmp'
/usr/bin/cmake -E cmake_progress_report /storage/fbusato/lib/XLib/build/CMakeFiles/CMakeTmp/CMakeFiles 1
Building C object CMakeFiles/cmTryCompileExec3643039126.dir/feature_tests.c.o
/storage/fbusato/bin/gcc-4.9.2/build/bin/gcc   -std=c90 -o CMakeFiles/cmTryCompileExec3643039126.dir/feature_tests.c.o   -c /storage/fbusato/lib/XLib/build/CMakeFiles/feature_tests.c
Linking C executable cmTryCompileExec3643039126
/usr/bin/cmake -E cmake_link_script CMakeFiles/cmTryCompileExec3643039126.dir/link.txt --verbose=1
/storage/fbusato/bin/gcc-4.9.2/build/bin/gcc       CMakeFiles/cmTryCompileExec3643039126.dir/feature_tests.c.o  -o cmTryCompileExec3643039126 -rdynamic 
make[1]: Leaving directory `/storage/fbusato/lib/XLib/build/CMakeFiles/CMakeTmp'


    Feature record: C_FEATURE:1c_function_prototypes
    Feature record: C_FEATURE:0c_restrict
    Feature record: C_FEATURE:0c_static_assert
    Feature record: C_FEATURE:0c_variadic_macros
Determining if the CXX compiler works passed with the following output:
Change Dir: /storage/fbusato/lib/XLib/build/CMakeFiles/CMakeTmp

Run Build Command:"/usr/bin/make" "cmTryCompileExec2099618097/fast"
/usr/bin/make -f CMakeFiles/cmTryCompileExec2099618097.dir/build.make CMakeFiles/cmTryCompileExec2099618097.dir/build
make[1]: Entering directory `/storage/fbusato/lib/XLib/build/CMakeFiles/CMakeTmp'
/usr/bin/cmake -E cmake_progress_report /storage/fbusato/lib/XLib/build/CMakeFiles/CMakeTmp/CMakeFiles 1
Building CXX object CMakeFiles/cmTryCompileExec2099618097.dir/testCXXCompiler.cxx.o
/storage/fbusato/bin/gcc-4.9.2/build/bin/g++     -o CMakeFiles/cmTryCompileExec2099618097.dir/testCXXCompiler.cxx.o -c /storage/fbusato/lib/XLib/build/CMakeFiles/CMakeTmp/testCXXCompiler.cxx
Linking CXX executable cmTryCompileExec2099618097
/usr/bin/cmake -E cmake_link_script CMakeFiles/cmTryCompileExec2099618097.dir/link.txt --verbose=1
/storage/fbusato/bin/gcc-4.9.2/build/bin/g++        CMakeFiles/cmTryCompileExec2099618097.dir/testCXXCompiler.cxx.o  -o cmTryCompileExec2099618097 -rdynamic 
make[1]: Leaving directory `/storage/fbusato/lib/XLib/build/CMakeFiles/CMakeTmp'


Detecting CXX compiler ABI info compiled with the following output:
Change Dir: /storage/fbusato/lib/XLib/build/CMakeFiles/CMakeTmp

Run Build Command:"/usr/bin/make" "cmTryCompileExec1759067108/fast"
/usr/bin/make -f CMakeFiles/cmTryCompileExec1759067108.dir/build.make CMakeFiles/cmTryCompileExec1759067108.dir/build
make[1]: Entering directory `/storage/fbusato/lib/XLib/build/CMakeFiles/CMakeTmp'
/usr/bin/cmake -E cmake_progress_report /storage/fbusato/lib/XLib/build/CMakeFiles/CMakeTmp/CMakeFiles 1
Building CXX object CMakeFiles/cmTryCompileExec1759067108.dir/CMakeCXXCompilerABI.cpp.o
/storage/fbusato/bin/gcc-4.9.2/build/bin/g++     -o CMakeFiles/cmTryCompileExec1759067108.dir/CMakeCXXCompilerABI.cpp.o -c /usr/share/cmake-3.2/Modules/CMakeCXXCompilerABI.cpp
Linking CXX executable cmTryCompileExec1759067108
/usr/bin/cmake -E cmake_link_script CMakeFiles/cmTryCompileExec1759067108.dir/link.txt --verbose=1
/storage/fbusato/bin/gcc-4.9.2/build/bin/g++       -v CMakeFiles/cmTryCompileExec1759067108.dir/CMakeCXXCompilerABI.cpp.o  -o cmTryCompileExec1759067108 -rdynamic  
Using built-in specs.
COLLECT_GCC=/storage/fbusato/bin/gcc-4.9.2/build/bin/g++
COLLECT_LTO_WRAPPER=/storage/fbusato/bin/gcc-4.9.2/build/bin/../libexec/gcc/x86_64-unknown-linux-gnu/4.9.2/lto-wrapper
Target: x86_64-unknown-linux-gnu
Configured with: ./configure --prefix=/storage/fbusato/gcc-4.9.2/build --enable-languages=c,c++ --disable-multilib
Thread model: posix
gcc version 4.9.2 (GCC) 
COMPILER_PATH=/storage/fbusato/bin/gcc-4.9.2/build/bin/../libexec/gcc/x86_64-unknown-linux-gnu/4.9.2/:/storage/fbusato/bin/gcc-4.9.2/build/bin/../libexec/gcc/
LIBRARY_PATH=/storage/fbusato/bin/gcc-4.9.2/build/bin/../lib/gcc/x86_64-unknown-linux-gnu/4.9.2/:/storage/fbusato/bin/gcc-4.9.2/build/bin/../lib/gcc/:/storage/fbusato/bin/gcc-4.9.2/build/bin/../lib/gcc/x86_64-unknown-linux-gnu/4.9.2/../../../../lib64/:/lib/x86_64-linux-gnu/:/lib/../lib64/:/usr/lib/x86_64-linux-gnu/:/usr/lib/../lib64/:/storage/fbusato/bin/gcc-4.9.2/build/bin/../lib/gcc/x86_64-unknown-linux-gnu/4.9.2/../../../:/lib/:/usr/lib/
COLLECT_GCC_OPTIONS='-v' '-o' 'cmTryCompileExec1759067108' '-rdynamic' '-shared-libgcc' '-mtune=generic' '-march=x86-64'
 /storage/fbusato/bin/gcc-4.9.2/build/bin/../libexec/gcc/x86_64-unknown-linux-gnu/4.9.2/collect2 --eh-frame-hdr -m elf_x86_64 -export-dynamic -dynamic-linker /lib64/ld-linux-x86-64.so.2 -o cmTryCompileExec1759067108 /usr/lib/x86_64-linux-gnu/crt1.o /usr/lib/x86_64-linux-gnu/crti.o /storage/fbusato/bin/gcc-4.9.2/build/bin/../lib/gcc/x86_64-unknown-linux-gnu/4.9.2/crtbegin.o -L/storage/fbusato/bin/gcc-4.9.2/build/bin/../lib/gcc/x86_64-unknown-linux-gnu/4.9.2 -L/storage/fbusato/bin/gcc-4.9.2/build/bin/../lib/gcc -L/storage/fbusato/bin/gcc-4.9.2/build/bin/../lib/gcc/x86_64-unknown-linux-gnu/4.9.2/../../../../lib64 -L/lib/x86_64-linux-gnu -L/lib/../lib64 -L/usr/lib/x86_64-linux-gnu -L/usr/lib/../lib64 -L/storage/fbusato/bin/gcc-4.9.2/build/bin/../lib/gcc/x86_64-unknown-linux-gnu/4.9.2/../../.. CMakeFiles/cmTryCompileExec1759067108.dir/CMakeCXXCompilerABI.cpp.o -lstdc++ -lm -lgcc_s -lgcc -lc -lgcc_s -lgcc /storage/fbusato/bin/gcc-4.9.2/build/bin/../lib/gcc/x86_64-unknown-linux-gnu/4.9.2/crtend.o /usr/lib/x86_64-linux-gnu/crtn.o
make[1]: Leaving directory `/storage/fbusato/lib/XLib/build/CMakeFiles/CMakeTmp'


Parsed CXX implicit link information from above output:
  link line regex: [^( *|.*[/\])(ld|([^/\]+-)?ld|collect2)[^/\]*( |$)]
  ignore line: [Change Dir: /storage/fbusato/lib/XLib/build/CMakeFiles/CMakeTmp]
  ignore line: []
  ignore line: [Run Build Command:"/usr/bin/make" "cmTryCompileExec1759067108/fast"]
  ignore line: [/usr/bin/make -f CMakeFiles/cmTryCompileExec1759067108.dir/build.make CMakeFiles/cmTryCompileExec1759067108.dir/build]
  ignore line: [make[1]: Entering directory `/storage/fbusato/lib/XLib/build/CMakeFiles/CMakeTmp']
  ignore line: [/usr/bin/cmake -E cmake_progress_report /storage/fbusato/lib/XLib/build/CMakeFiles/CMakeTmp/CMakeFiles 1]
  ignore line: [Building CXX object CMakeFiles/cmTryCompileExec1759067108.dir/CMakeCXXCompilerABI.cpp.o]
  ignore line: [/storage/fbusato/bin/gcc-4.9.2/build/bin/g++     -o CMakeFiles/cmTryCompileExec1759067108.dir/CMakeCXXCompilerABI.cpp.o -c /usr/share/cmake-3.2/Modules/CMakeCXXCompilerABI.cpp]
  ignore line: [Linking CXX executable cmTryCompileExec1759067108]
  ignore line: [/usr/bin/cmake -E cmake_link_script CMakeFiles/cmTryCompileExec1759067108.dir/link.txt --verbose=1]
  ignore line: [/storage/fbusato/bin/gcc-4.9.2/build/bin/g++       -v CMakeFiles/cmTryCompileExec1759067108.dir/CMakeCXXCompilerABI.cpp.o  -o cmTryCompileExec1759067108 -rdynamic  ]
  ignore line: [Using built-in specs.]
  ignore line: [COLLECT_GCC=/storage/fbusato/bin/gcc-4.9.2/build/bin/g++]
  ignore line: [COLLECT_LTO_WRAPPER=/storage/fbusato/bin/gcc-4.9.2/build/bin/../libexec/gcc/x86_64-unknown-linux-gnu/4.9.2/lto-wrapper]
  ignore line: [Target: x86_64-unknown-linux-gnu]
  ignore line: [Configured with: ./configure --prefix=/storage/fbusato/gcc-4.9.2/build --enable-languages=c,c++ --disable-multilib]
  ignore line: [Thread model: posix]
  ignore line: [gcc version 4.9.2 (GCC) ]
  ignore line: [COMPILER_PATH=/storage/fbusato/bin/gcc-4.9.2/build/bin/../libexec/gcc/x86_64-unknown-linux-gnu/4.9.2/:/storage/fbusato/bin/gcc-4.9.2/build/bin/../libexec/gcc/]
  ignore line: [LIBRARY_PATH=/storage/fbusato/bin/gcc-4.9.2/build/bin/../lib/gcc/x86_64-unknown-linux-gnu/4.9.2/:/storage/fbusato/bin/gcc-4.9.2/build/bin/../lib/gcc/:/storage/fbusato/bin/gcc-4.9.2/build/bin/../lib/gcc/x86_64-unknown-linux-gnu/4.9.2/../../../../lib64/:/lib/x86_64-linux-gnu/:/lib/../lib64/:/usr/lib/x86_64-linux-gnu/:/usr/lib/../lib64/:/storage/fbusato/bin/gcc-4.9.2/build/bin/../lib/gcc/x86_64-unknown-linux-gnu/4.9.2/../../../:/lib/:/usr/lib/]
  ignore line: [COLLECT_GCC_OPTIONS='-v' '-o' 'cmTryCompileExec1759067108' '-rdynamic' '-shared-libgcc' '-mtune=generic' '-march=x86-64']
  link line: [ /storage/fbusato/bin/gcc-4.9.2/build/bin/../libexec/gcc/x86_64-unknown-linux-gnu/4.9.2/collect2 --eh-frame-hdr -m elf_x86_64 -export-dynamic -dynamic-linker /lib64/ld-linux-x86-64.so.2 -o cmTryCompileExec1759067108 /usr/lib/x86_64-linux-gnu/crt1.o /usr/lib/x86_64-linux-gnu/crti.o /storage/fbusato/bin/gcc-4.9.2/build/bin/../lib/gcc/x86_64-unknown-linux-gnu/4.9.2/crtbegin.o -L/storage/fbusato/bin/gcc-4.9.2/build/bin/../lib/gcc/x86_64-unknown-linux-gnu/4.9.2 -L/storage/fbusato/bin/gcc-4.9.2/build/bin/../lib/gcc -L/storage/fbusato/bin/gcc-4.9.2/build/bin/../lib/gcc/x86_64-unknown-linux-gnu/4.9.2/../../../../lib64 -L/lib/x86_64-linux-gnu -L/lib/../lib64 -L/usr/lib/x86_64-linux-gnu -L/usr/lib/../lib64 -L/storage/fbusato/bin/gcc-4.9.2/build/bin/../lib/gcc/x86_64-unknown-linux-gnu/4.9.2/../../.. CMakeFiles/cmTryCompileExec1759067108.dir/CMakeCXXCompilerABI.cpp.o -lstdc++ -lm -lgcc_s -lgcc -lc -lgcc_s -lgcc /storage/fbusato/bin/gcc-4.9.2/build/bin/../lib/gcc/x86_64-unknown-linux-gnu/4.9.2/crtend.o /usr/lib/x86_64-linux-gnu/crtn.o]
    arg [/storage/fbusato/bin/gcc-4.9.2/build/bin/../libexec/gcc/x86_64-unknown-linux-gnu/4.9.2/collect2] ==> ignore
    arg [--eh-frame-hdr] ==> ignore
    arg [-m] ==> ignore
    arg [elf_x86_64] ==> ignore
    arg [-export-dynamic] ==> ignore
    arg [-dynamic-linker] ==> ignore
    arg [/lib64/ld-linux-x86-64.so.2] ==> ignore
    arg [-o] ==> ignore
    arg [cmTryCompileExec1759067108] ==> ignore
    arg [/usr/lib/x86_64-linux-gnu/crt1.o] ==> ignore
    arg [/usr/lib/x86_64-linux-gnu/crti.o] ==> ignore
    arg [/storage/fbusato/bin/gcc-4.9.2/build/bin/../lib/gcc/x86_64-unknown-linux-gnu/4.9.2/crtbegin.o] ==> ignore
    arg [-L/storage/fbusato/bin/gcc-4.9.2/build/bin/../lib/gcc/x86_64-unknown-linux-gnu/4.9.2] ==> dir [/storage/fbusato/bin/gcc-4.9.2/build/bin/../lib/gcc/x86_64-unknown-linux-gnu/4.9.2]
    arg [-L/storage/fbusato/bin/gcc-4.9.2/build/bin/../lib/gcc] ==> dir [/storage/fbusato/bin/gcc-4.9.2/build/bin/../lib/gcc]
    arg [-L/storage/fbusato/bin/gcc-4.9.2/build/bin/../lib/gcc/x86_64-unknown-linux-gnu/4.9.2/../../../../lib64] ==> dir [/storage/fbusato/bin/gcc-4.9.2/build/bin/../lib/gcc/x86_64-unknown-linux-gnu/4.9.2/../../../../lib64]
    arg [-L/lib/x86_64-linux-gnu] ==> dir [/lib/x86_64-linux-gnu]
    arg [-L/lib/../lib64] ==> dir [/lib/../lib64]
    arg [-L/usr/lib/x86_64-linux-gnu] ==> dir [/usr/lib/x86_64-linux-gnu]
    arg [-L/usr/lib/../lib64] ==> dir [/usr/lib/../lib64]
    arg [-L/storage/fbusato/bin/gcc-4.9.2/build/bin/../lib/gcc/x86_64-unknown-linux-gnu/4.9.2/../../..] ==> dir [/storage/fbusato/bin/gcc-4.9.2/build/bin/../lib/gcc/x86_64-unknown-linux-gnu/4.9.2/../../..]
    arg [CMakeFiles/cmTryCompileExec1759067108.dir/CMakeCXXCompilerABI.cpp.o] ==> ignore
    arg [-lstdc++] ==> lib [stdc++]
    arg [-lm] ==> lib [m]
    arg [-lgcc_s] ==> lib [gcc_s]
    arg [-lgcc] ==> lib [gcc]
    arg [-lc] ==> lib [c]
    arg [-lgcc_s] ==> lib [gcc_s]
    arg [-lgcc] ==> lib [gcc]
    arg [/storage/fbusato/bin/gcc-4.9.2/build/bin/../lib/gcc/x86_64-unknown-linux-gnu/4.9.2/crtend.o] ==> ignore
    arg [/usr/lib/x86_64-linux-gnu/crtn.o] ==> ignore
  remove lib [gcc_s]
  remove lib [gcc]
  remove lib [gcc_s]
  remove lib [gcc]
  collapse library dir [/storage/fbusato/bin/gcc-4.9.2/build/bin/../lib/gcc/x86_64-unknown-linux-gnu/4.9.2] ==> [/storage/fbusato/bin/gcc-4.9.2/build/lib/gcc/x86_64-unknown-linux-gnu/4.9.2]
  collapse library dir [/storage/fbusato/bin/gcc-4.9.2/build/bin/../lib/gcc] ==> [/storage/fbusato/bin/gcc-4.9.2/build/lib/gcc]
  collapse library dir [/storage/fbusato/bin/gcc-4.9.2/build/bin/../lib/gcc/x86_64-unknown-linux-gnu/4.9.2/../../../../lib64] ==> [/storage/fbusato/bin/gcc-4.9.2/build/lib64]
  collapse library dir [/lib/x86_64-linux-gnu] ==> [/lib/x86_64-linux-gnu]
  collapse library dir [/lib/../lib64] ==> [/lib64]
  collapse library dir [/usr/lib/x86_64-linux-gnu] ==> [/usr/lib/x86_64-linux-gnu]
  collapse library dir [/usr/lib/../lib64] ==> [/usr/lib64]
  collapse library dir [/storage/fbusato/bin/gcc-4.9.2/build/bin/../lib/gcc/x86_64-unknown-linux-gnu/4.9.2/../../..] ==> [/storage/fbusato/bin/gcc-4.9.2/build/lib]
  implicit libs: [stdc++;m;c]
  implicit dirs: [/storage/fbusato/bin/gcc-4.9.2/build/lib/gcc/x86_64-unknown-linux-gnu/4.9.2;/storage/fbusato/bin/gcc-4.9.2/build/lib/gcc;/storage/fbusato/bin/gcc-4.9.2/build/lib64;/lib/x86_64-linux-gnu;/lib64;/usr/lib/x86_64-linux-gnu;/usr/lib64;/storage/fbusato/bin/gcc-4.9.2/build/lib]
  implicit fwks: []




Detecting CXX [-std=c++14] compiler features compiled with the following output:
Change Dir: /storage/fbusato/lib/XLib/build/CMakeFiles/CMakeTmp

Run Build Command:"/usr/bin/make" "cmTryCompileExec1635075717/fast"
/usr/bin/make -f CMakeFiles/cmTryCompileExec1635075717.dir/build.make CMakeFiles/cmTryCompileExec1635075717.dir/build
make[1]: Entering directory `/storage/fbusato/lib/XLib/build/CMakeFiles/CMakeTmp'
/usr/bin/cmake -E cmake_progress_report /storage/fbusato/lib/XLib/build/CMakeFiles/CMakeTmp/CMakeFiles 1
Building CXX object CMakeFiles/cmTryCompileExec1635075717.dir/feature_tests.cxx.o
/storage/fbusato/bin/gcc-4.9.2/build/bin/g++    -std=c++14 -o CMakeFiles/cmTryCompileExec1635075717.dir/feature_tests.cxx.o -c /storage/fbusato/lib/XLib/build/CMakeFiles/feature_tests.cxx
Linking CXX executable cmTryCompileExec1635075717
/usr/bin/cmake -E cmake_link_script CMakeFiles/cmTryCompileExec1635075717.dir/link.txt --verbose=1
/storage/fbusato/bin/gcc-4.9.2/build/bin/g++        CMakeFiles/cmTryCompileExec1635075717.dir/feature_tests.cxx.o  -o cmTryCompileExec1635075717 -rdynamic 
make[1]: Leaving directory `/storage/fbusato/lib/XLib/build/CMakeFiles/CMakeTmp'


    Feature record: CXX_FEATURE:0cxx_aggregate_default_initializers
    Feature record: CXX_FEATURE:1cxx_alias_templates
    Feature record: CXX_FEATURE:1cxx_alignas
    Feature record: CXX_FEATURE:1cxx_alignof
    Feature record: CXX_FEATURE:1cxx_attributes
    Feature record: CXX_FEATURE:1cxx_attribute_deprecated
    Feature record: CXX_FEATURE:1cxx_auto_type
    Feature record: CXX_FEATURE:1cxx_binary_literals
    Feature record: CXX_FEATURE:1cxx_constexpr
    Feature record: CXX_FEATURE:1cxx_contextual_conversions
    Feature record: CXX_FEATURE:1cxx_decltype
    Feature record: CXX_FEATURE:1cxx_decltype_auto
    Feature record: CXX_FEATURE:1cxx_decltype_incomplete_return_types
    Feature record: CXX_FEATURE:1cxx_default_function_template_args
    Feature record: CXX_FEATURE:1cxx_defaulted_functions
    Feature record: CXX_FEATURE:1cxx_defaulted_move_initializers
    Feature record: CXX_FEATURE:1cxx_delegating_constructors
    Feature record: CXX_FEATURE:1cxx_deleted_functions
    Feature record: CXX_FEATURE:1cxx_digit_separators
    Feature record: CXX_FEATURE:1cxx_enum_forward_declarations
    Feature record: CXX_FEATURE:1cxx_explicit_conversions
    Feature record: CXX_FEATURE:1cxx_extended_friend_declarations
    Feature record: CXX_FEATURE:1cxx_extern_templates
    Feature record: CXX_FEATURE:1cxx_final
    Feature record: CXX_FEATURE:1cxx_func_identifier
    Feature record: CXX_FEATURE:1cxx_generalized_initializers
    Feature record: CXX_FEATURE:1cxx_generic_lambdas
    Feature record: CXX_FEATURE:1cxx_inheriting_constructors
    Feature record: CXX_FEATURE:1cxx_inline_namespaces
    Feature record: CXX_FEATURE:1cxx_lambdas
    Feature record: CXX_FEATURE:1cxx_lambda_init_captures
    Feature record: CXX_FEATURE:1cxx_local_type_template_args
    Feature record: CXX_FEATURE:1cxx_long_long_type
    Feature record: CXX_FEATURE:1cxx_noexcept
    Feature record: CXX_FEATURE:1cxx_nonstatic_member_init
    Feature record: CXX_FEATURE:1cxx_nullptr
    Feature record: CXX_FEATURE:1cxx_override
    Feature record: CXX_FEATURE:1cxx_range_for
    Feature record: CXX_FEATURE:1cxx_raw_string_literals
    Feature record: CXX_FEATURE:1cxx_reference_qualified_functions
    Feature record: CXX_FEATURE:0cxx_relaxed_constexpr
    Feature record: CXX_FEATURE:1cxx_return_type_deduction
    Feature record: CXX_FEATURE:1cxx_right_angle_brackets
    Feature record: CXX_FEATURE:1cxx_rvalue_references
    Feature record: CXX_FEATURE:1cxx_sizeof_member
    Feature record: CXX_FEATURE:1cxx_static_assert
    Feature record: CXX_FEATURE:1cxx_strong_enums
    Feature record: CXX_FEATURE:1cxx_template_template_parameters
    Feature record: CXX_FEATURE:1cxx_thread_local
    Feature record: CXX_FEATURE:1cxx_trailing_return_types
    Feature record: CXX_FEATURE:1cxx_unicode_literals
    Feature record: CXX_FEATURE:1cxx_uniform_initialization
    Feature record: CXX_FEATURE:1cxx_unrestricted_unions
    Feature record: CXX_FEATURE:1cxx_user_literals
    Feature record: CXX_FEATURE:0cxx_variable_templates
    Feature record: CXX_FEATURE:1cxx_variadic_macros
    Feature record: CXX_FEATURE:1cxx_variadic_templates


Detecting CXX [-std=c++11] compiler features compiled with the following output:
Change Dir: /storage/fbusato/lib/XLib/build/CMakeFiles/CMakeTmp

Run Build Command:"/usr/bin/make" "cmTryCompileExec749812674/fast"
/usr/bin/make -f CMakeFiles/cmTryCompileExec749812674.dir/build.make CMakeFiles/cmTryCompileExec749812674.dir/build
make[1]: Entering directory `/storage/fbusato/lib/XLib/build/CMakeFiles/CMakeTmp'
/usr/bin/cmake -E cmake_progress_report /storage/fbusato/lib/XLib/build/CMakeFiles/CMakeTmp/CMakeFiles 1
Building CXX object CMakeFiles/cmTryCompileExec749812674.dir/feature_tests.cxx.o
/storage/fbusato/bin/gcc-4.9.2/build/bin/g++    -std=c++11 -o CMakeFiles/cmTryCompileExec749812674.dir/feature_tests.cxx.o -c /storage/fbusato/lib/XLib/build/CMakeFiles/feature_tests.cxx
Linking CXX executable cmTryCompileExec749812674
/usr/bin/cmake -E cmake_link_script CMakeFiles/cmTryCompileExec749812674.dir/link.txt --verbose=1
/storage/fbusato/bin/gcc-4.9.2/build/bin/g++        CMakeFiles/cmTryCompileExec749812674.dir/feature_tests.cxx.o  -o cmTryCompileExec749812674 -rdynamic 
make[1]: Leaving directory `/storage/fbusato/lib/XLib/build/CMakeFiles/CMakeTmp'


    Feature record: CXX_FEATURE:0cxx_aggregate_default_initializers
    Feature record: CXX_FEATURE:1cxx_alias_templates
    Feature record: CXX_FEATURE:1cxx_alignas
    Feature record: CXX_FEATURE:1cxx_alignof
    Feature record: CXX_FEATURE:1cxx_attributes
    Feature record: CXX_FEATURE:0cxx_attribute_deprecated
    Feature record: CXX_FEATURE:1cxx_auto_type
    Feature record: CXX_FEATURE:0cxx_binary_literals
    Feature record: CXX_FEATURE:1cxx_constexpr
    Feature record: CXX_FEATURE:0cxx_contextual_conversions
    Feature record: CXX_FEATURE:1cxx_decltype
    Feature record: CXX_FEATURE:0cxx_decltype_auto
    Feature record: CXX_FEATURE:1cxx_decltype_incomplete_return_types
    Feature record: CXX_FEATURE:1cxx_default_function_template_args
    Feature record: CXX_FEATURE:1cxx_defaulted_functions
    Feature record: CXX_FEATURE:1cxx_defaulted_move_initializers
    Feature record: CXX_FEATURE:1cxx_delegating_constructors
    Feature record: CXX_FEATURE:1cxx_deleted_functions
    Feature record: CXX_FEATURE:0cxx_digit_separators
    Feature record: CXX_FEATURE:1cxx_enum_forward_declarations
    Feature record: CXX_FEATURE:1cxx_explicit_conversions
    Feature record: CXX_FEATURE:1cxx_extended_friend_declarations
    Feature record: CXX_FEATURE:1cxx_extern_templates
    Feature record: CXX_FEATURE:1cxx_final
    Feature record: CXX_FEATURE:1cxx_func_identifier
    Feature record: CXX_FEATURE:1cxx_generalized_initializers
    Feature record: CXX_FEATURE:0cxx_generic_lambdas
    Feature record: CXX_FEATURE:1cxx_inheriting_constructors
    Feature record: CXX_FEATURE:1cxx_inline_namespaces
    Feature record: CXX_FEATURE:1cxx_lambdas
    Feature record: CXX_FEATURE:0cxx_lambda_init_captures
    Feature record: CXX_FEATURE:1cxx_local_type_template_args
    Feature record: CXX_FEATURE:1cxx_long_long_type
    Feature record: CXX_FEATURE:1cxx_noexcept
    Feature record: CXX_FEATURE:1cxx_nonstatic_member_init
    Feature record: CXX_FEATURE:1cxx_nullptr
    Feature record: CXX_FEATURE:1cxx_override
    Feature record: CXX_FEATURE:1cxx_range_for
    Feature record: CXX_FEATURE:1cxx_raw_string_literals
    Feature record: CXX_FEATURE:1cxx_reference_qualified_functions
    Feature record: CXX_FEATURE:0cxx_relaxed_constexpr
    Feature record: CXX_FEATURE:0cxx_return_type_deduction
    Feature record: CXX_FEATURE:1cxx_right_angle_brackets
    Feature record: CXX_FEATURE:1cxx_rvalue_references
    Feature record: CXX_FEATURE:1cxx_sizeof_member
    Feature record: CXX_FEATURE:1cxx_static_assert
    Feature record: CXX_FEATURE:1cxx_strong_enums
    Feature record: CXX_FEATURE:1cxx_template_template_parameters
    Feature record: CXX_FEATURE:1cxx_thread_local
    Feature record: CXX_FEATURE:1cxx_trailing_return_types
    Feature record: CXX_FEATURE:1cxx_unicode_literals
    Feature record: CXX_FEATURE:1cxx_uniform_initialization
    Feature record: CXX_FEATURE:1cxx_unrestricted_unions
    Feature record: CXX_FEATURE:1cxx_user_literals
    Feature record: CXX_FEATURE:0cxx_variable_templates
    Feature record: CXX_FEATURE:1cxx_variadic_macros
    Feature record: CXX_FEATURE:1cxx_variadic_templates


Detecting CXX [-std=c++98] compiler features compiled with the following output:
Change Dir: /storage/fbusato/lib/XLib/build/CMakeFiles/CMakeTmp

Run Build Command:"/usr/bin/make" "cmTryCompileExec3323428804/fast"
/usr/bin/make -f CMakeFiles/cmTryCompileExec3323428804.dir/build.make CMakeFiles/cmTryCompileExec3323428804.dir/build
make[1]: Entering directory `/storage/fbusato/lib/XLib/build/CMakeFiles/CMakeTmp'
/usr/bin/cmake -E cmake_progress_report /storage/fbusato/lib/XLib/build/CMakeFiles/CMakeTmp/CMakeFiles 1
Building CXX object CMakeFiles/cmTryCompileExec3323428804.dir/feature_tests.cxx.o
/storage/fbusato/bin/gcc-4.9.2/build/bin/g++    -std=c++98 -o CMakeFiles/cmTryCompileExec3323428804.dir/feature_tests.cxx.o -c /storage/fbusato/lib/XLib/build/CMakeFiles/feature_tests.cxx
Linking CXX executable cmTryCompileExec3323428804
/usr/bin/cmake -E cmake_link_script CMakeFiles/cmTryCompileExec3323428804.dir/link.txt --verbose=1
/storage/fbusato/bin/gcc-4.9.2/build/bin/g++        CMakeFiles/cmTryCompileExec3323428804.dir/feature_tests.cxx.o  -o cmTryCompileExec3323428804 -rdynamic 
make[1]: Leaving directory `/storage/fbusato/lib/XLib/build/CMakeFiles/CMakeTmp'


    Feature record: CXX_FEATURE:0cxx_aggregate_default_initializers
    Feature record: CXX_FEATURE:0cxx_alias_templates
    Feature record: CXX_FEATURE:0cxx_alignas
    Feature record: CXX_FEATURE:0cxx_alignof
    Feature record: CXX_FEATURE:0cxx_attributes
    Feature record: CXX_FEATURE:0cxx_attribute_deprecated
    Feature record: CXX_FEATURE:0cxx_auto_type
    Feature record: CXX_FEATURE:0cxx_binary_literals
    Feature record: CXX_FEATURE:0cxx_constexpr
    Feature record: CXX_FEATURE:0cxx_contextual_conversions
    Feature record: CXX_FEATURE:0cxx_decltype
    Feature record: CXX_FEATURE:0cxx_decltype_auto
    Feature record: CXX_FEATURE:0cxx_decltype_incomplete_return_types
    Feature record: CXX_FEATURE:0cxx_default_function_template_args
    Feature record: CXX_FEATURE:0cxx_defaulted_functions
    Feature record: CXX_FEATURE:0cxx_defaulted_move_initializers
    Feature record: CXX_FEATURE:0cxx_delegating_constructors
    Feature record: CXX_FEATURE:0cxx_deleted_functions
    Feature record: CXX_FEATURE:0cxx_digit_separators
    Feature record: CXX_FEATURE:0cxx_enum_forward_declarations
    Feature record: CXX_FEATURE:0cxx_explicit_conversions
    Feature record: CXX_FEATURE:0cxx_extended_friend_declarations
    Feature record: CXX_FEATURE:0cxx_extern_templates
    Feature record: CXX_FEATURE:0cxx_final
    Feature record: CXX_FEATURE:0cxx_func_identifier
    Feature record: CXX_FEATURE:0cxx_generalized_initializers
    Feature record: CXX_FEATURE:0cxx_generic_lambdas
    Feature record: CXX_FEATURE:0cxx_inheriting_constructors
    Feature record: CXX_FEATURE:0cxx_inline_namespaces
    Feature record: CXX_FEATURE:0cxx_lambdas
    Feature record: CXX_FEATURE:0cxx_lambda_init_captures
    Feature record: CXX_FEATURE:0cxx_local_type_template_args
    Feature record: CXX_FEATURE:0cxx_long_long_type
    Feature record: CXX_FEATURE:0cxx_noexcept
    Feature record: CXX_FEATURE:0cxx_nonstatic_member_init
    Feature record: CXX_FEATURE:0cxx_nullptr
    Feature record: CXX_FEATURE:0cxx_override
    Feature record: CXX_FEATURE:0cxx_range_for
    Feature record: CXX_FEATURE:0cxx_raw_string_literals
    Feature record: CXX_FEATURE:0cxx_reference_qualified_functions
    Feature record: CXX_FEATURE:0cxx_relaxed_constexpr
    Feature record: CXX_FEATURE:0cxx_return_type_deduction
    Feature record: CXX_FEATURE:0cxx_right_angle_brackets
    Feature record: CXX_FEATURE:0cxx_rvalue_references
    Feature record: CXX_FEATURE:0cxx_sizeof_member
    Feature record: CXX_FEATURE:0cxx_static_assert
    Feature record: CXX_FEATURE:0cxx_strong_enums
    Feature record: CXX_FEATURE:1cxx_template_template_parameters
    Feature record: CXX_FEATURE:0cxx_thread_local
    Feature record: CXX_FEATURE:0cxx_trailing_return_types
    Feature record: CXX_FEATURE:0cxx_unicode_literals
    Feature record: CXX_FEATURE:0cxx_uniform_initialization
    Feature record: CXX_FEATURE:0cxx_unrestricted_unions
    Feature record: CXX_FEATURE:0cxx_user_literals
    Feature record: CXX_FEATURE:0cxx_variable_templates
    Feature record: CXX_FEATURE:0cxx_variadic_macros
    Feature record: CXX_FEATURE:0cxx_variadic_templates
Performing C++ SOURCE FILE Test COMPILER_SUPPORTS_CXX11 succeded with the following output:
Change Dir: /storage/fbusato/lib/XLib/build/CMakeFiles/CMakeTmp

Run Build Command:"/usr/bin/make" "cmTryCompileExec3155154210/fast"
/usr/bin/make -f CMakeFiles/cmTryCompileExec3155154210.dir/build.make CMakeFiles/cmTryCompileExec3155154210.dir/build
make[1]: Entering directory `/storage/fbusato/lib/XLib/build/CMakeFiles/CMakeTmp'
/usr/bin/cmake -E cmake_progress_report /storage/fbusato/lib/XLib/build/CMakeFiles/CMakeTmp/CMakeFiles 1
Building CXX object CMakeFiles/cmTryCompileExec3155154210.dir/src.cxx.o
/storage/fbusato/bin/gcc-4.9.2/build/bin/g++    -DCOMPILER_SUPPORTS_CXX11   -std=c++11 -o CMakeFiles/cmTryCompileExec3155154210.dir/src.cxx.o -c /storage/fbusato/lib/XLib/build/CMakeFiles/CMakeTmp/src.cxx
Linking CXX executable cmTryCompileExec3155154210
/usr/bin/cmake -E cmake_link_script CMakeFiles/cmTryCompileExec3155154210.dir/link.txt --verbose=1
/storage/fbusato/bin/gcc-4.9.2/build/bin/g++    -DCOMPILER_SUPPORTS_CXX11    CMakeFiles/cmTryCompileExec3155154210.dir/src.cxx.o  -o cmTryCompileExec3155154210 -rdynamic 
make[1]: Leaving directory `/storage/fbusato/lib/XLib/build/CMakeFiles/CMakeTmp'

Source file was:
int main() { return 0; }
