Determining if the pthread_create exist failed with the following output:
Change Dir: /home/chl/HNR_GPU/debug/CMakeFiles/CMakeTmp

Run Build Command:"/usr/bin/make" "cmTC_44ccf/fast"
/usr/bin/make -f CMakeFiles/cmTC_44ccf.dir/build.make CMakeFiles/cmTC_44ccf.dir/build
make[1]: Entering directory '/home/chl/HNR_GPU/debug/CMakeFiles/CMakeTmp'
Building C object CMakeFiles/cmTC_44ccf.dir/CheckSymbolExists.c.o
/usr/bin/cc   -fPIC    -o CMakeFiles/cmTC_44ccf.dir/CheckSymbolExists.c.o   -c /home/chl/HNR_GPU/debug/CMakeFiles/CMakeTmp/CheckSymbolExists.c
Linking C executable cmTC_44ccf
/usr/bin/cmake -E cmake_link_script CMakeFiles/cmTC_44ccf.dir/link.txt --verbose=1
/usr/bin/cc -fPIC     -rdynamic CMakeFiles/cmTC_44ccf.dir/CheckSymbolExists.c.o  -o cmTC_44ccf 
CMakeFiles/cmTC_44ccf.dir/CheckSymbolExists.c.o: In function `main':
CheckSymbolExists.c:(.text+0x1b): undefined reference to `pthread_create'
collect2: error: ld returned 1 exit status
CMakeFiles/cmTC_44ccf.dir/build.make:97: recipe for target 'cmTC_44ccf' failed
make[1]: *** [cmTC_44ccf] Error 1
make[1]: Leaving directory '/home/chl/HNR_GPU/debug/CMakeFiles/CMakeTmp'
Makefile:126: recipe for target 'cmTC_44ccf/fast' failed
make: *** [cmTC_44ccf/fast] Error 2

File /home/chl/HNR_GPU/debug/CMakeFiles/CMakeTmp/CheckSymbolExists.c:
/* */
#include <pthread.h>

int main(int argc, char** argv)
{
  (void)argv;
#ifndef pthread_create
  return ((int*)(&pthread_create))[argc];
#else
  (void)argc;
  return 0;
#endif
}

Determining if the function pthread_create exists in the pthreads failed with the following output:
Change Dir: /home/chl/HNR_GPU/debug/CMakeFiles/CMakeTmp

Run Build Command:"/usr/bin/make" "cmTC_dfeec/fast"
/usr/bin/make -f CMakeFiles/cmTC_dfeec.dir/build.make CMakeFiles/cmTC_dfeec.dir/build
make[1]: Entering directory '/home/chl/HNR_GPU/debug/CMakeFiles/CMakeTmp'
Building C object CMakeFiles/cmTC_dfeec.dir/CheckFunctionExists.c.o
/usr/bin/cc   -fPIC -DCHECK_FUNCTION_EXISTS=pthread_create   -o CMakeFiles/cmTC_dfeec.dir/CheckFunctionExists.c.o   -c /usr/share/cmake-3.10/Modules/CheckFunctionExists.c
Linking C executable cmTC_dfeec
/usr/bin/cmake -E cmake_link_script CMakeFiles/cmTC_dfeec.dir/link.txt --verbose=1
/usr/bin/cc -fPIC -DCHECK_FUNCTION_EXISTS=pthread_create    -rdynamic CMakeFiles/cmTC_dfeec.dir/CheckFunctionExists.c.o  -o cmTC_dfeec -lpthreads 
/usr/bin/ld: cannot find -lpthreads
collect2: error: ld returned 1 exit status
CMakeFiles/cmTC_dfeec.dir/build.make:97: recipe for target 'cmTC_dfeec' failed
make[1]: *** [cmTC_dfeec] Error 1
make[1]: Leaving directory '/home/chl/HNR_GPU/debug/CMakeFiles/CMakeTmp'
Makefile:126: recipe for target 'cmTC_dfeec/fast' failed
make: *** [cmTC_dfeec/fast] Error 2


