Determining if the pthread_create exist failed with the following output:
Change Dir: /home/chl/HNR_GPU/build/CMakeFiles/CMakeTmp

Run Build Command:"/usr/bin/make" "cmTC_10a0e/fast"
/usr/bin/make -f CMakeFiles/cmTC_10a0e.dir/build.make CMakeFiles/cmTC_10a0e.dir/build
make[1]: Entering directory '/home/chl/HNR_GPU/build/CMakeFiles/CMakeTmp'
Building C object CMakeFiles/cmTC_10a0e.dir/CheckSymbolExists.c.o
/usr/bin/cc   -fPIC    -o CMakeFiles/cmTC_10a0e.dir/CheckSymbolExists.c.o   -c /home/chl/HNR_GPU/build/CMakeFiles/CMakeTmp/CheckSymbolExists.c
Linking C executable cmTC_10a0e
/usr/bin/cmake -E cmake_link_script CMakeFiles/cmTC_10a0e.dir/link.txt --verbose=1
/usr/bin/cc -fPIC     -rdynamic CMakeFiles/cmTC_10a0e.dir/CheckSymbolExists.c.o  -o cmTC_10a0e 
CMakeFiles/cmTC_10a0e.dir/CheckSymbolExists.c.o: In function `main':
CheckSymbolExists.c:(.text+0x1b): undefined reference to `pthread_create'
collect2: error: ld returned 1 exit status
CMakeFiles/cmTC_10a0e.dir/build.make:97: recipe for target 'cmTC_10a0e' failed
make[1]: *** [cmTC_10a0e] Error 1
make[1]: Leaving directory '/home/chl/HNR_GPU/build/CMakeFiles/CMakeTmp'
Makefile:126: recipe for target 'cmTC_10a0e/fast' failed
make: *** [cmTC_10a0e/fast] Error 2

File /home/chl/HNR_GPU/build/CMakeFiles/CMakeTmp/CheckSymbolExists.c:
/* */
#include <pthread.h>

int main(int argc, char** argv)
{
  (void)argv;
#ifndef pthread_create
  return ((int*)(&pthread_create))[argc];
#else
  (void)argc;
  return 0;
#endif
}

Determining if the function pthread_create exists in the pthreads failed with the following output:
Change Dir: /home/chl/HNR_GPU/build/CMakeFiles/CMakeTmp

Run Build Command:"/usr/bin/make" "cmTC_7b2d6/fast"
/usr/bin/make -f CMakeFiles/cmTC_7b2d6.dir/build.make CMakeFiles/cmTC_7b2d6.dir/build
make[1]: Entering directory '/home/chl/HNR_GPU/build/CMakeFiles/CMakeTmp'
Building C object CMakeFiles/cmTC_7b2d6.dir/CheckFunctionExists.c.o
/usr/bin/cc   -fPIC -DCHECK_FUNCTION_EXISTS=pthread_create   -o CMakeFiles/cmTC_7b2d6.dir/CheckFunctionExists.c.o   -c /usr/share/cmake-3.10/Modules/CheckFunctionExists.c
Linking C executable cmTC_7b2d6
/usr/bin/cmake -E cmake_link_script CMakeFiles/cmTC_7b2d6.dir/link.txt --verbose=1
/usr/bin/cc -fPIC -DCHECK_FUNCTION_EXISTS=pthread_create    -rdynamic CMakeFiles/cmTC_7b2d6.dir/CheckFunctionExists.c.o  -o cmTC_7b2d6 -lpthreads 
/usr/bin/ld: cannot find -lpthreads
collect2: error: ld returned 1 exit status
CMakeFiles/cmTC_7b2d6.dir/build.make:97: recipe for target 'cmTC_7b2d6' failed
make[1]: *** [cmTC_7b2d6] Error 1
make[1]: Leaving directory '/home/chl/HNR_GPU/build/CMakeFiles/CMakeTmp'
Makefile:126: recipe for target 'cmTC_7b2d6/fast' failed
make: *** [cmTC_7b2d6/fast] Error 2


